<?xml version="1.0" encoding="UTF-8"?>
<!-- Generated by org.testng.reporters.JUnitXMLReporter -->
<testsuite hostname="MX-IT01120" name="My first test" tests="3" failures="1" timestamp="28 Mar 2018 17:54:25 GMT" time="0.034" errors="0">
  <testcase name="testConcact" time="0.006" classname="com.automation.training.AnnotationTests"/>
  <testcase name="testCount" time="0.001" classname="com.automation.training.AnnotationTests"/>
  <testcase name="testEqualsIgnoreCase" time="0.003" classname="com.automation.training.AnnotationTests">
    <failure type="junit.framework.AssertionFailedError">
      <![CDATA[junit.framework.AssertionFailedError
	at junit.framework.Assert.fail(Assert.java:47)
	at junit.framework.Assert.assertTrue(Assert.java:20)
	at junit.framework.Assert.assertTrue(Assert.java:27)
	at com.automation.training.AnnotationTests.testEqualsIgnoreCase(AnnotationTests.java:55)
... Removed 24 stack frames]]>
    </failure>
  </testcase> <!-- testEqualsIgnoreCase -->
</testsuite> <!-- My first test -->
