<?xml version="1.0" encoding="UTF-8"?>
<testng-results skipped="0" failed="0" total="5" passed="5">
  <reporter-output>
  </reporter-output>
  <suite name="My Strabucks test suite" duration-ms="30738" started-at="2018-04-11T21:04:49Z" finished-at="2018-04-11T21:05:19Z">
    <groups>
      <group name="navigatorTest">
        <method signature="StarbucksTest.testTextNavsHome()[pri:0, instance:com.automation.training.StarbucksTest@79698539]" name="testTextNavsHome" class="com.automation.training.StarbucksTest"/>
      </group> <!-- navigatorTest -->
      <group name="recomendationTest">
        <method signature="StarbucksTest.testMenuCoffe(int, int, int, int)[pri:0, instance:com.automation.training.StarbucksTest@79698539]" name="testMenuCoffe" class="com.automation.training.StarbucksTest"/>
      </group> <!-- recomendationTest -->
      <group name="giftCardTest">
        <method signature="StarbucksTest.testGiftCard(java.lang.String, java.lang.String, java.lang.String, java.lang.String, java.lang.String, java.lang.String)[pri:0, instance:com.automation.training.StarbucksTest@79698539]" name="testGiftCard" class="com.automation.training.StarbucksTest"/>
      </group> <!-- giftCardTest -->
    </groups>
    <test name="My Starbucks test" duration-ms="30738" started-at="2018-04-11T21:04:49Z" finished-at="2018-04-11T21:05:19Z">
      <class name="com.automation.training.StarbucksTest">
        <test-method status="PASS" signature="beforeSuite(java.lang.String)[pri:0, instance:com.automation.training.StarbucksTest@79698539]" name="beforeSuite" is-config="true" duration-ms="4966" started-at="2018-04-11T16:04:44Z" finished-at="2018-04-11T16:04:49Z">
          <params>
            <param index="0">
              <value>
                <![CDATA[chrome]]>
              </value>
            </param>
          </params>
          <reporter-output>
          </reporter-output>
        </test-method> <!-- beforeSuite -->
        <test-method status="PASS" signature="testGiftCard(java.lang.String, java.lang.String, java.lang.String, java.lang.String, java.lang.String, java.lang.String)[pri:0, instance:com.automation.training.StarbucksTest@79698539]" name="testGiftCard" duration-ms="4750" started-at="2018-04-11T16:04:49Z" data-provider="getDataCard" finished-at="2018-04-11T16:04:53Z">
          <params>
            <param index="0">
              <value>
                <![CDATA[Sergio]]>
              </value>
            </param>
            <param index="1">
              <value>
                <![CDATA[This is a message for the GIFT CARD.
Regards.]]>
              </value>
            </param>
            <param index="2">
              <value>
                <![CDATA[Sergio Garcia]]>
              </value>
            </param>
            <param index="3">
              <value>
                <![CDATA[sergio@correo.com]]>
              </value>
            </param>
            <param index="4">
              <value>
                <![CDATA[friend@mail.com]]>
              </value>
            </param>
            <param index="5">
              <value>
                <![CDATA[5/5/2018]]>
              </value>
            </param>
          </params>
          <reporter-output>
          </reporter-output>
        </test-method> <!-- testGiftCard -->
        <test-method status="PASS" signature="beforeMethod()[pri:0, instance:com.automation.training.StarbucksTest@79698539]" name="beforeMethod" is-config="true" duration-ms="797" started-at="2018-04-11T16:04:53Z" finished-at="2018-04-11T16:04:54Z">
          <reporter-output>
          </reporter-output>
        </test-method> <!-- beforeMethod -->
        <test-method status="PASS" signature="testGiftCard(java.lang.String, java.lang.String, java.lang.String, java.lang.String, java.lang.String, java.lang.String)[pri:0, instance:com.automation.training.StarbucksTest@79698539]" name="testGiftCard" duration-ms="11177" started-at="2018-04-11T16:04:54Z" data-provider="getDataCard" finished-at="2018-04-11T16:05:05Z">
          <params>
            <param index="0">
              <value>
                <![CDATA[Sergio]]>
              </value>
            </param>
            <param index="1">
              <value>
                <![CDATA[This is a message for the GIFT CARD.
Regards.]]>
              </value>
            </param>
            <param index="2">
              <value>
                <![CDATA[Garcia Sergio]]>
              </value>
            </param>
            <param index="3">
              <value>
                <![CDATA[sergio@correo.com]]>
              </value>
            </param>
            <param index="4">
              <value>
                <![CDATA[friend@mail.com]]>
              </value>
            </param>
            <param index="5">
              <value>
                <![CDATA[5/5/2018]]>
              </value>
            </param>
          </params>
          <reporter-output>
          </reporter-output>
        </test-method> <!-- testGiftCard -->
        <test-method status="PASS" signature="beforeMethod()[pri:0, instance:com.automation.training.StarbucksTest@79698539]" name="beforeMethod" is-config="true" duration-ms="821" started-at="2018-04-11T16:05:05Z" finished-at="2018-04-11T16:05:06Z">
          <reporter-output>
          </reporter-output>
        </test-method> <!-- beforeMethod -->
        <test-method status="PASS" signature="testMenuCoffe(int, int, int, int)[pri:0, instance:com.automation.training.StarbucksTest@79698539]" name="testMenuCoffe" duration-ms="6834" started-at="2018-04-11T16:05:06Z" data-provider="getAnswers" finished-at="2018-04-11T16:05:13Z">
          <params>
            <param index="0">
              <value>
                <![CDATA[1]]>
              </value>
            </param>
            <param index="1">
              <value>
                <![CDATA[1]]>
              </value>
            </param>
            <param index="2">
              <value>
                <![CDATA[1]]>
              </value>
            </param>
            <param index="3">
              <value>
                <![CDATA[1]]>
              </value>
            </param>
          </params>
          <reporter-output>
          </reporter-output>
        </test-method> <!-- testMenuCoffe -->
        <test-method status="PASS" signature="beforeMethod()[pri:0, instance:com.automation.training.StarbucksTest@79698539]" name="beforeMethod" is-config="true" duration-ms="1208" started-at="2018-04-11T16:05:13Z" finished-at="2018-04-11T16:05:14Z">
          <reporter-output>
          </reporter-output>
        </test-method> <!-- beforeMethod -->
        <test-method status="PASS" signature="testMenuCoffe(int, int, int, int)[pri:0, instance:com.automation.training.StarbucksTest@79698539]" name="testMenuCoffe" duration-ms="2896" started-at="2018-04-11T16:05:14Z" data-provider="getAnswers" finished-at="2018-04-11T16:05:17Z">
          <params>
            <param index="0">
              <value>
                <![CDATA[1]]>
              </value>
            </param>
            <param index="1">
              <value>
                <![CDATA[2]]>
              </value>
            </param>
            <param index="2">
              <value>
                <![CDATA[3]]>
              </value>
            </param>
            <param index="3">
              <value>
                <![CDATA[1]]>
              </value>
            </param>
          </params>
          <reporter-output>
          </reporter-output>
        </test-method> <!-- testMenuCoffe -->
        <test-method status="PASS" signature="beforeMethod()[pri:0, instance:com.automation.training.StarbucksTest@79698539]" name="beforeMethod" is-config="true" duration-ms="1124" started-at="2018-04-11T16:05:17Z" finished-at="2018-04-11T16:05:18Z">
          <reporter-output>
          </reporter-output>
        </test-method> <!-- beforeMethod -->
        <test-method status="PASS" signature="testTextNavsHome()[pri:0, instance:com.automation.training.StarbucksTest@79698539]" name="testTextNavsHome" duration-ms="191" started-at="2018-04-11T16:05:18Z" finished-at="2018-04-11T16:05:18Z">
          <reporter-output>
          </reporter-output>
        </test-method> <!-- testTextNavsHome -->
        <test-method status="PASS" signature="beforeMethod()[pri:0, instance:com.automation.training.StarbucksTest@79698539]" name="beforeMethod" is-config="true" duration-ms="902" started-at="2018-04-11T16:05:18Z" finished-at="2018-04-11T16:05:19Z">
          <reporter-output>
          </reporter-output>
        </test-method> <!-- beforeMethod -->
      </class> <!-- com.automation.training.StarbucksTest -->
    </test> <!-- My Starbucks test -->
  </suite> <!-- My Strabucks test suite -->
</testng-results>
