<?xml version="1.0" encoding="UTF-8"?>
<!-- Generated by org.testng.reporters.JUnitXMLReporter -->
<testsuite hostname="MX-IT01120" name="My Starbucks test" tests="5" failures="0" timestamp="28 Mar 2018 23:54:03 GMT" time="35.214" errors="0">
  <testcase name="testGiftCard" time="11.886" classname="com.automation.training.StarbucksTest"/>
  <testcase name="testGiftCard" time="8.589" classname="com.automation.training.StarbucksTest"/>
  <testcase name="testMenuCoffe" time="7.545" classname="com.automation.training.StarbucksTest"/>
  <testcase name="testMenuCoffe" time="2.935" classname="com.automation.training.StarbucksTest"/>
  <testcase name="testTextNavsHome" time="0.165" classname="com.automation.training.StarbucksTest"/>
</testsuite> <!-- My Starbucks test -->
